This is pdfTeX, Version 3.141592653-2.6-1.40.25 (MiKTeX 23.10) (preloaded format=pdflatex 2023.12.6)  23 AUG 2024 20:55
entering extended mode
 restricted \write18 enabled.
 %&-line parsing enabled.
**./main.tex
(main.tex
LaTeX2e <2023-06-01> patch level 1
L3 programming layer <2023-08-29>

(C:\Users\CEDP\AppData\Local\Programs\MiKTeX\tex/latex/elsarticle\elsarticle.cl
s
Document Class: elsarticle 2024/04/04, 3.4: Elsevier Ltd
(C:\Users\CEDP\AppData\Local\Programs\MiKTeX\tex/latex/base\fontenc.sty
Package: fontenc 2021/04/29 v2.0v Standard LaTeX package
)
(C:\Users\CEDP\AppData\Local\Programs\MiKTeX\tex/latex/l3kernel\expl3.sty
Package: expl3 2023-08-29 L3 programming layer (loader) 

(C:\Users\CEDP\AppData\Local\Programs\MiKTeX\tex/latex/l3backend\l3backend-pdft
ex.def
File: l3backend-pdftex.def 2023-04-19 L3 backend support: PDF output (pdfTeX)
\l__color_backend_stack_int=\count185
\l__pdf_internal_box=\box51
))
(C:\Users\CEDP\AppData\Local\Programs\MiKTeX\tex/latex/l3packages/xparse\xparse
.sty
Package: xparse 2023-08-29 L3 Experimental document command parser
)
(C:\Users\CEDP\AppData\Local\Programs\MiKTeX\tex/latex/etoolbox\etoolbox.sty
Package: etoolbox 2020/10/05 v2.5k e-TeX tools for LaTeX (JAW)
\etb@tempcnta=\count186
)
\@bls=\dimen140

(C:\Users\CEDP\AppData\Local\Programs\MiKTeX\tex/latex/base\article.cls
Document Class: article 2023/05/17 v1.4n Standard LaTeX document class
(C:\Users\CEDP\AppData\Local\Programs\MiKTeX\tex/latex/base\size10.clo
File: size10.clo 2023/05/17 v1.4n Standard LaTeX file (size option)
)
\c@part=\count187
\c@section=\count188
\c@subsection=\count189
\c@subsubsection=\count190
\c@paragraph=\count191
\c@subparagraph=\count192
\c@figure=\count193
\c@table=\count194
\abovecaptionskip=\skip48
\belowcaptionskip=\skip49
\bibindent=\dimen141
)
(C:\Users\CEDP\AppData\Local\Programs\MiKTeX\tex/latex/graphics\graphicx.sty
Package: graphicx 2021/09/16 v1.2d Enhanced LaTeX Graphics (DPC,SPQR)

(C:\Users\CEDP\AppData\Local\Programs\MiKTeX\tex/latex/graphics\keyval.sty
Package: keyval 2022/05/29 v1.15 key=value parser (DPC)
\KV@toks@=\toks17
)
(C:\Users\CEDP\AppData\Local\Programs\MiKTeX\tex/latex/graphics\graphics.sty
Package: graphics 2022/03/10 v1.4e Standard LaTeX Graphics (DPC,SPQR)

(C:\Users\CEDP\AppData\Local\Programs\MiKTeX\tex/latex/graphics\trig.sty
Package: trig 2021/08/11 v1.11 sin cos tan (DPC)
)
(C:\Users\CEDP\AppData\Local\Programs\MiKTeX\tex/latex/graphics-cfg\graphics.cf
g
File: graphics.cfg 2016/06/04 v1.11 sample graphics configuration
)
Package graphics Info: Driver file: pdftex.def on input line 107.

(C:\Users\CEDP\AppData\Local\Programs\MiKTeX\tex/latex/graphics-def\pdftex.def
File: pdftex.def 2022/09/22 v1.2b Graphics/color driver for pdftex
))
\Gin@req@height=\dimen142
\Gin@req@width=\dimen143
)
\c@tnote=\count195
\c@fnote=\count196
\c@cnote=\count197
\c@ead=\count198
\c@author=\count199
\@eadauthor=\toks18
\c@affn=\count266
\absbox=\box52
\elsarticlehighlightsbox=\box53
\elsarticlegrabsbox=\box54
\keybox=\box55
\Columnwidth=\dimen144
\space@left=\dimen145
\els@boxa=\box56
\els@boxb=\box57
\leftMargin=\dimen146
\@enLab=\toks19
\@sep=\skip50
\@@sep=\skip51
 (main.spl)
(C:\Users\CEDP\AppData\Local\Programs\MiKTeX\tex/latex/natbib\natbib.sty
Package: natbib 2010/09/13 8.31b (PWD, AO)
\bibhang=\skip52
\bibsep=\skip53
LaTeX Info: Redefining \cite on input line 694.
\c@NAT@ctr=\count267
)
\splwrite=\write3
\openout3 = `main.spl'.


(C:\Users\CEDP\AppData\Local\Programs\MiKTeX\tex/latex/geometry\geometry.sty
Package: geometry 2020/01/02 v5.9 Page Geometry

(C:\Users\CEDP\AppData\Local\Programs\MiKTeX\tex/generic/iftex\ifvtex.sty
Package: ifvtex 2019/10/25 v1.7 ifvtex legacy package. Use iftex instead.

(C:\Users\CEDP\AppData\Local\Programs\MiKTeX\tex/generic/iftex\iftex.sty
Package: iftex 2022/02/03 v1.0f TeX engine tests
))
\Gm@cnth=\count268
\Gm@cntv=\count269
\c@Gm@tempcnt=\count270
\Gm@bindingoffset=\dimen147
\Gm@wd@mp=\dimen148
\Gm@odd@mp=\dimen149
\Gm@even@mp=\dimen150
\Gm@layoutwidth=\dimen151
\Gm@layoutheight=\dimen152
\Gm@layouthoffset=\dimen153
\Gm@layoutvoffset=\dimen154
\Gm@dimlist=\toks20

(C:\Users\CEDP\AppData\Local\Programs\MiKTeX\tex/latex/geometry\geometry.cfg))
(C:\Users\CEDP\AppData\Local\Programs\MiKTeX\tex/latex/base\fleqn.clo
File: fleqn.clo 2016/12/29 v1.2b Standard LaTeX option (flush left equations)
\mathindent=\skip54
Applying: [2015/01/01] Make \[ robust on input line 50.
LaTeX Info: Redefining \[ on input line 51.
Already applied: [0000/00/00] Make \[ robust on input line 62.
Applying: [2015/01/01] Make \] robust on input line 74.
LaTeX Info: Redefining \] on input line 75.
Already applied: [0000/00/00] Make \] robust on input line 83.
)
\appnamewidth=\dimen155
)
(C:\Users\CEDP\AppData\Local\Programs\MiKTeX\tex/latex/txfonts\txfonts.sty
Package: txfonts 2008/01/22 v3.2.1
LaTeX Font Info:    Redeclaring symbol font `operators' on input line 21.
LaTeX Font Info:    Overwriting symbol font `operators' in version `normal'
(Font)                  OT1/cmr/m/n --> OT1/txr/m/n on input line 21.
LaTeX Font Info:    Overwriting symbol font `operators' in version `bold'
(Font)                  OT1/cmr/bx/n --> OT1/txr/m/n on input line 21.
LaTeX Font Info:    Overwriting symbol font `operators' in version `bold'
(Font)                  OT1/txr/m/n --> OT1/txr/bx/n on input line 22.
\symitalic=\mathgroup4
LaTeX Font Info:    Overwriting symbol font `italic' in version `bold'
(Font)                  OT1/txr/m/it --> OT1/txr/bx/it on input line 26.
LaTeX Font Info:    Redeclaring math alphabet \mathbf on input line 29.
LaTeX Font Info:    Overwriting math alphabet `\mathbf' in version `normal'
(Font)                  OT1/cmr/bx/n --> OT1/txr/bx/n on input line 29.
LaTeX Font Info:    Overwriting math alphabet `\mathbf' in version `bold'
(Font)                  OT1/cmr/bx/n --> OT1/txr/bx/n on input line 29.
LaTeX Font Info:    Redeclaring math alphabet \mathit on input line 30.
LaTeX Font Info:    Overwriting math alphabet `\mathit' in version `normal'
(Font)                  OT1/cmr/m/it --> OT1/txr/m/it on input line 30.
LaTeX Font Info:    Overwriting math alphabet `\mathit' in version `bold'
(Font)                  OT1/cmr/bx/it --> OT1/txr/m/it on input line 30.
LaTeX Font Info:    Overwriting math alphabet `\mathit' in version `bold'
(Font)                  OT1/txr/m/it --> OT1/txr/bx/it on input line 31.
LaTeX Font Info:    Redeclaring math alphabet \mathsf on input line 40.
LaTeX Font Info:    Overwriting math alphabet `\mathsf' in version `normal'
(Font)                  OT1/cmss/m/n --> OT1/txss/m/n on input line 40.
LaTeX Font Info:    Overwriting math alphabet `\mathsf' in version `bold'
(Font)                  OT1/cmss/bx/n --> OT1/txss/m/n on input line 40.
LaTeX Font Info:    Overwriting math alphabet `\mathsf' in version `bold'
(Font)                  OT1/txss/m/n --> OT1/txss/b/n on input line 41.
LaTeX Font Info:    Redeclaring math alphabet \mathtt on input line 50.
LaTeX Font Info:    Overwriting math alphabet `\mathtt' in version `normal'
(Font)                  OT1/cmtt/m/n --> OT1/txtt/m/n on input line 50.
LaTeX Font Info:    Overwriting math alphabet `\mathtt' in version `bold'
(Font)                  OT1/cmtt/m/n --> OT1/txtt/m/n on input line 50.
LaTeX Font Info:    Overwriting math alphabet `\mathtt' in version `bold'
(Font)                  OT1/txtt/m/n --> OT1/txtt/b/n on input line 51.
LaTeX Font Info:    Redeclaring symbol font `letters' on input line 58.
LaTeX Font Info:    Overwriting symbol font `letters' in version `normal'
(Font)                  OML/cmm/m/it --> OML/txmi/m/it on input line 58.
LaTeX Font Info:    Overwriting symbol font `letters' in version `bold'
(Font)                  OML/cmm/b/it --> OML/txmi/m/it on input line 58.
LaTeX Font Info:    Overwriting symbol font `letters' in version `bold'
(Font)                  OML/txmi/m/it --> OML/txmi/bx/it on input line 59.
\symlettersA=\mathgroup5
LaTeX Font Info:    Overwriting symbol font `lettersA' in version `bold'
(Font)                  U/txmia/m/it --> U/txmia/bx/it on input line 67.
LaTeX Font Info:    Redeclaring symbol font `symbols' on input line 77.
LaTeX Font Info:    Overwriting symbol font `symbols' in version `normal'
(Font)                  OMS/cmsy/m/n --> OMS/txsy/m/n on input line 77.
LaTeX Font Info:    Overwriting symbol font `symbols' in version `bold'
(Font)                  OMS/cmsy/b/n --> OMS/txsy/m/n on input line 77.
LaTeX Font Info:    Overwriting symbol font `symbols' in version `bold'
(Font)                  OMS/txsy/m/n --> OMS/txsy/bx/n on input line 78.
\symAMSa=\mathgroup6
LaTeX Font Info:    Overwriting symbol font `AMSa' in version `bold'
(Font)                  U/txsya/m/n --> U/txsya/bx/n on input line 94.
\symAMSb=\mathgroup7
LaTeX Font Info:    Overwriting symbol font `AMSb' in version `bold'
(Font)                  U/txsyb/m/n --> U/txsyb/bx/n on input line 103.
\symsymbolsC=\mathgroup8
LaTeX Font Info:    Overwriting symbol font `symbolsC' in version `bold'
(Font)                  U/txsyc/m/n --> U/txsyc/bx/n on input line 113.
LaTeX Font Info:    Redeclaring symbol font `largesymbols' on input line 120.
LaTeX Font Info:    Overwriting symbol font `largesymbols' in version `normal'
(Font)                  OMX/cmex/m/n --> OMX/txex/m/n on input line 120.
LaTeX Font Info:    Overwriting symbol font `largesymbols' in version `bold'
(Font)                  OMX/cmex/m/n --> OMX/txex/m/n on input line 120.
LaTeX Font Info:    Overwriting symbol font `largesymbols' in version `bold'
(Font)                  OMX/txex/m/n --> OMX/txex/bx/n on input line 121.
\symlargesymbolsA=\mathgroup9
LaTeX Font Info:    Overwriting symbol font `largesymbolsA' in version `bold'
(Font)                  U/txexa/m/n --> U/txexa/bx/n on input line 129.
LaTeX Font Info:    Redeclaring math symbol \mathsterling on input line 164.
LaTeX Font Info:    Redeclaring math symbol \hbar on input line 591.
LaTeX Info: Redefining \not on input line 1043.
)
(C:\Users\CEDP\AppData\Local\Programs\MiKTeX\tex/latex/amsfonts\amssymb.sty
Package: amssymb 2013/01/14 v3.01 AMS font symbols

(C:\Users\CEDP\AppData\Local\Programs\MiKTeX\tex/latex/amsfonts\amsfonts.sty
Package: amsfonts 2013/01/14 v3.01 Basic AMSFonts support
\@emptytoks=\toks21
LaTeX Font Info:    Redeclaring symbol font `AMSa' on input line 59.
LaTeX Font Info:    Overwriting symbol font `AMSa' in version `normal'
(Font)                  U/txsya/m/n --> U/msa/m/n on input line 59.
LaTeX Font Info:    Overwriting symbol font `AMSa' in version `bold'
(Font)                  U/txsya/bx/n --> U/msa/m/n on input line 59.
LaTeX Font Info:    Redeclaring symbol font `AMSb' on input line 60.
LaTeX Font Info:    Overwriting symbol font `AMSb' in version `normal'
(Font)                  U/txsyb/m/n --> U/msb/m/n on input line 60.
LaTeX Font Info:    Overwriting symbol font `AMSb' in version `bold'
(Font)                  U/txsyb/bx/n --> U/msb/m/n on input line 60.
LaTeX Font Info:    Redeclaring math delimiter \ulcorner on input line 74.
LaTeX Font Info:    Redeclaring math delimiter \urcorner on input line 75.
LaTeX Font Info:    Redeclaring math delimiter \llcorner on input line 76.
LaTeX Font Info:    Redeclaring math delimiter \lrcorner on input line 77.
LaTeX Font Info:    Redeclaring math symbol \square on input line 141.
LaTeX Font Info:    Redeclaring math symbol \lozenge on input line 142.
)
LaTeX Font Info:    Redeclaring math symbol \boxdot on input line 44.
LaTeX Font Info:    Redeclaring math symbol \boxplus on input line 45.
LaTeX Font Info:    Redeclaring math symbol \boxtimes on input line 46.
LaTeX Font Info:    Redeclaring math symbol \blacksquare on input line 48.
LaTeX Font Info:    Redeclaring math symbol \centerdot on input line 49.
LaTeX Font Info:    Redeclaring math symbol \blacklozenge on input line 51.
LaTeX Font Info:    Redeclaring math symbol \circlearrowright on input line 52.

LaTeX Font Info:    Redeclaring math symbol \circlearrowleft on input line 53.
LaTeX Font Info:    Redeclaring math symbol \leftrightharpoons on input line 56
.
LaTeX Font Info:    Redeclaring math symbol \boxminus on input line 57.
LaTeX Font Info:    Redeclaring math symbol \Vdash on input line 58.
LaTeX Font Info:    Redeclaring math symbol \Vvdash on input line 59.
LaTeX Font Info:    Redeclaring math symbol \vDash on input line 60.
LaTeX Font Info:    Redeclaring math symbol \twoheadrightarrow on input line 61
.
LaTeX Font Info:    Redeclaring math symbol \twoheadleftarrow on input line 62.

LaTeX Font Info:    Redeclaring math symbol \leftleftarrows on input line 63.
LaTeX Font Info:    Redeclaring math symbol \rightrightarrows on input line 64.

LaTeX Font Info:    Redeclaring math symbol \upuparrows on input line 65.
LaTeX Font Info:    Redeclaring math symbol \downdownarrows on input line 66.
LaTeX Font Info:    Redeclaring math symbol \upharpoonright on input line 67.
LaTeX Font Info:    Redeclaring math symbol \downharpoonright on input line 69.

LaTeX Font Info:    Redeclaring math symbol \upharpoonleft on input line 70.
LaTeX Font Info:    Redeclaring math symbol \downharpoonleft on input line 71.
LaTeX Font Info:    Redeclaring math symbol \rightarrowtail on input line 72.
LaTeX Font Info:    Redeclaring math symbol \leftarrowtail on input line 73.
LaTeX Font Info:    Redeclaring math symbol \leftrightarrows on input line 74.
LaTeX Font Info:    Redeclaring math symbol \rightleftarrows on input line 75.
LaTeX Font Info:    Redeclaring math symbol \Lsh on input line 76.
LaTeX Font Info:    Redeclaring math symbol \Rsh on input line 77.
LaTeX Font Info:    Redeclaring math symbol \leftrightsquigarrow on input line 
79.
LaTeX Font Info:    Redeclaring math symbol \looparrowleft on input line 80.
LaTeX Font Info:    Redeclaring math symbol \looparrowright on input line 81.
LaTeX Font Info:    Redeclaring math symbol \circeq on input line 82.
LaTeX Font Info:    Redeclaring math symbol \succsim on input line 83.
LaTeX Font Info:    Redeclaring math symbol \gtrsim on input line 84.
LaTeX Font Info:    Redeclaring math symbol \gtrapprox on input line 85.
LaTeX Font Info:    Redeclaring math symbol \multimap on input line 86.
LaTeX Font Info:    Redeclaring math symbol \therefore on input line 87.
LaTeX Font Info:    Redeclaring math symbol \because on input line 88.
LaTeX Font Info:    Redeclaring math symbol \doteqdot on input line 89.
LaTeX Font Info:    Redeclaring math symbol \triangleq on input line 91.
LaTeX Font Info:    Redeclaring math symbol \precsim on input line 92.
LaTeX Font Info:    Redeclaring math symbol \lesssim on input line 93.
LaTeX Font Info:    Redeclaring math symbol \lessapprox on input line 94.
LaTeX Font Info:    Redeclaring math symbol \eqslantless on input line 95.
LaTeX Font Info:    Redeclaring math symbol \eqslantgtr on input line 96.
LaTeX Font Info:    Redeclaring math symbol \curlyeqprec on input line 97.
LaTeX Font Info:    Redeclaring math symbol \curlyeqsucc on input line 98.
LaTeX Font Info:    Redeclaring math symbol \preccurlyeq on input line 99.
LaTeX Font Info:    Redeclaring math symbol \leqq on input line 100.
LaTeX Font Info:    Redeclaring math symbol \leqslant on input line 101.
LaTeX Font Info:    Redeclaring math symbol \lessgtr on input line 102.
LaTeX Font Info:    Redeclaring math symbol \backprime on input line 103.
LaTeX Font Info:    Redeclaring math symbol \risingdotseq on input line 104.
LaTeX Font Info:    Redeclaring math symbol \fallingdotseq on input line 105.
LaTeX Font Info:    Redeclaring math symbol \succcurlyeq on input line 106.
LaTeX Font Info:    Redeclaring math symbol \geqq on input line 107.
LaTeX Font Info:    Redeclaring math symbol \geqslant on input line 108.
LaTeX Font Info:    Redeclaring math symbol \gtrless on input line 109.
LaTeX Font Info:    Redeclaring math symbol \bigstar on input line 117.
LaTeX Font Info:    Redeclaring math symbol \between on input line 118.
LaTeX Font Info:    Redeclaring math symbol \blacktriangledown on input line 11
9.
LaTeX Font Info:    Redeclaring math symbol \blacktriangleright on input line 1
20.
LaTeX Font Info:    Redeclaring math symbol \blacktriangleleft on input line 12
1.
LaTeX Font Info:    Redeclaring math symbol \vartriangle on input line 122.
LaTeX Font Info:    Redeclaring math symbol \blacktriangle on input line 123.
LaTeX Font Info:    Redeclaring math symbol \triangledown on input line 124.
LaTeX Font Info:    Redeclaring math symbol \eqcirc on input line 125.
LaTeX Font Info:    Redeclaring math symbol \lesseqgtr on input line 126.
LaTeX Font Info:    Redeclaring math symbol \gtreqless on input line 127.
LaTeX Font Info:    Redeclaring math symbol \lesseqqgtr on input line 128.
LaTeX Font Info:    Redeclaring math symbol \gtreqqless on input line 129.
LaTeX Font Info:    Redeclaring math symbol \Rrightarrow on input line 130.
LaTeX Font Info:    Redeclaring math symbol \Lleftarrow on input line 131.
LaTeX Font Info:    Redeclaring math symbol \veebar on input line 132.
LaTeX Font Info:    Redeclaring math symbol \barwedge on input line 133.
LaTeX Font Info:    Redeclaring math symbol \doublebarwedge on input line 134.
LaTeX Font Info:    Redeclaring math symbol \measuredangle on input line 137.
LaTeX Font Info:    Redeclaring math symbol \sphericalangle on input line 138.
LaTeX Font Info:    Redeclaring math symbol \varpropto on input line 139.
LaTeX Font Info:    Redeclaring math symbol \smallsmile on input line 140.
LaTeX Font Info:    Redeclaring math symbol \smallfrown on input line 141.
LaTeX Font Info:    Redeclaring math symbol \Subset on input line 142.
LaTeX Font Info:    Redeclaring math symbol \Supset on input line 143.
LaTeX Font Info:    Redeclaring math symbol \Cup on input line 144.
LaTeX Font Info:    Redeclaring math symbol \Cap on input line 146.
LaTeX Font Info:    Redeclaring math symbol \curlywedge on input line 148.
LaTeX Font Info:    Redeclaring math symbol \curlyvee on input line 149.
LaTeX Font Info:    Redeclaring math symbol \leftthreetimes on input line 150.
LaTeX Font Info:    Redeclaring math symbol \rightthreetimes on input line 151.

LaTeX Font Info:    Redeclaring math symbol \subseteqq on input line 152.
LaTeX Font Info:    Redeclaring math symbol \supseteqq on input line 153.
LaTeX Font Info:    Redeclaring math symbol \bumpeq on input line 154.
LaTeX Font Info:    Redeclaring math symbol \Bumpeq on input line 155.
LaTeX Font Info:    Redeclaring math symbol \lll on input line 156.
LaTeX Font Info:    Redeclaring math symbol \ggg on input line 158.
LaTeX Font Info:    Redeclaring math symbol \circledS on input line 160.
LaTeX Font Info:    Redeclaring math symbol \pitchfork on input line 161.
LaTeX Font Info:    Redeclaring math symbol \dotplus on input line 162.
LaTeX Font Info:    Redeclaring math symbol \backsim on input line 163.
LaTeX Font Info:    Redeclaring math symbol \backsimeq on input line 164.
LaTeX Font Info:    Redeclaring math symbol \complement on input line 165.
LaTeX Font Info:    Redeclaring math symbol \intercal on input line 166.
LaTeX Font Info:    Redeclaring math symbol \circledcirc on input line 167.
LaTeX Font Info:    Redeclaring math symbol \circledast on input line 168.
LaTeX Font Info:    Redeclaring math symbol \circleddash on input line 169.
LaTeX Font Info:    Redeclaring math symbol \lvertneqq on input line 171.
LaTeX Font Info:    Redeclaring math symbol \gvertneqq on input line 172.
LaTeX Font Info:    Redeclaring math symbol \nleq on input line 173.
LaTeX Font Info:    Redeclaring math symbol \ngeq on input line 174.
LaTeX Font Info:    Redeclaring math symbol \nless on input line 175.
LaTeX Font Info:    Redeclaring math symbol \ngtr on input line 176.
LaTeX Font Info:    Redeclaring math symbol \nprec on input line 177.
LaTeX Font Info:    Redeclaring math symbol \nsucc on input line 178.
LaTeX Font Info:    Redeclaring math symbol \lneqq on input line 179.
LaTeX Font Info:    Redeclaring math symbol \gneqq on input line 180.
LaTeX Font Info:    Redeclaring math symbol \nleqslant on input line 181.
LaTeX Font Info:    Redeclaring math symbol \ngeqslant on input line 182.
LaTeX Font Info:    Redeclaring math symbol \lneq on input line 183.
LaTeX Font Info:    Redeclaring math symbol \gneq on input line 184.
LaTeX Font Info:    Redeclaring math symbol \npreceq on input line 185.
LaTeX Font Info:    Redeclaring math symbol \nsucceq on input line 186.
LaTeX Font Info:    Redeclaring math symbol \precnsim on input line 187.
LaTeX Font Info:    Redeclaring math symbol \succnsim on input line 188.
LaTeX Font Info:    Redeclaring math symbol \lnsim on input line 189.
LaTeX Font Info:    Redeclaring math symbol \gnsim on input line 190.
LaTeX Font Info:    Redeclaring math symbol \nleqq on input line 191.
LaTeX Font Info:    Redeclaring math symbol \ngeqq on input line 192.
LaTeX Font Info:    Redeclaring math symbol \precneqq on input line 193.
LaTeX Font Info:    Redeclaring math symbol \succneqq on input line 194.
LaTeX Font Info:    Redeclaring math symbol \precnapprox on input line 195.
LaTeX Font Info:    Redeclaring math symbol \succnapprox on input line 196.
LaTeX Font Info:    Redeclaring math symbol \lnapprox on input line 197.
LaTeX Font Info:    Redeclaring math symbol \gnapprox on input line 198.
LaTeX Font Info:    Redeclaring math symbol \nsim on input line 199.
LaTeX Font Info:    Redeclaring math symbol \ncong on input line 200.
LaTeX Font Info:    Redeclaring math symbol \diagup on input line 201.
LaTeX Font Info:    Redeclaring math symbol \diagdown on input line 202.
LaTeX Font Info:    Redeclaring math symbol \varsubsetneq on input line 203.
LaTeX Font Info:    Redeclaring math symbol \varsupsetneq on input line 204.
LaTeX Font Info:    Redeclaring math symbol \nsubseteqq on input line 205.
LaTeX Font Info:    Redeclaring math symbol \nsupseteqq on input line 206.
LaTeX Font Info:    Redeclaring math symbol \subsetneqq on input line 207.
LaTeX Font Info:    Redeclaring math symbol \supsetneqq on input line 208.
LaTeX Font Info:    Redeclaring math symbol \varsubsetneqq on input line 209.
LaTeX Font Info:    Redeclaring math symbol \varsupsetneqq on input line 210.
LaTeX Font Info:    Redeclaring math symbol \subsetneq on input line 211.
LaTeX Font Info:    Redeclaring math symbol \supsetneq on input line 212.
LaTeX Font Info:    Redeclaring math symbol \nsubseteq on input line 213.
LaTeX Font Info:    Redeclaring math symbol \nsupseteq on input line 214.
LaTeX Font Info:    Redeclaring math symbol \nparallel on input line 215.
LaTeX Font Info:    Redeclaring math symbol \nmid on input line 216.
LaTeX Font Info:    Redeclaring math symbol \nshortmid on input line 217.
LaTeX Font Info:    Redeclaring math symbol \nshortparallel on input line 218.
LaTeX Font Info:    Redeclaring math symbol \nvdash on input line 219.
LaTeX Font Info:    Redeclaring math symbol \nVdash on input line 220.
LaTeX Font Info:    Redeclaring math symbol \nvDash on input line 221.
LaTeX Font Info:    Redeclaring math symbol \nVDash on input line 222.
LaTeX Font Info:    Redeclaring math symbol \ntrianglerighteq on input line 223
.
LaTeX Font Info:    Redeclaring math symbol \ntrianglelefteq on input line 224.

LaTeX Font Info:    Redeclaring math symbol \ntriangleleft on input line 225.
LaTeX Font Info:    Redeclaring math symbol \ntriangleright on input line 226.
LaTeX Font Info:    Redeclaring math symbol \nleftarrow on input line 227.
LaTeX Font Info:    Redeclaring math symbol \nrightarrow on input line 228.
LaTeX Font Info:    Redeclaring math symbol \nLeftarrow on input line 229.
LaTeX Font Info:    Redeclaring math symbol \nRightarrow on input line 230.
LaTeX Font Info:    Redeclaring math symbol \nLeftrightarrow on input line 231.

LaTeX Font Info:    Redeclaring math symbol \nleftrightarrow on input line 232.

LaTeX Font Info:    Redeclaring math symbol \divideontimes on input line 233.
LaTeX Font Info:    Redeclaring math symbol \varnothing on input line 234.
LaTeX Font Info:    Redeclaring math symbol \nexists on input line 235.
LaTeX Font Info:    Redeclaring math symbol \Finv on input line 236.
LaTeX Font Info:    Redeclaring math symbol \Game on input line 237.
LaTeX Font Info:    Redeclaring math symbol \eth on input line 240.
LaTeX Font Info:    Redeclaring math symbol \eqsim on input line 241.
LaTeX Font Info:    Redeclaring math symbol \beth on input line 242.
LaTeX Font Info:    Redeclaring math symbol \gimel on input line 243.
LaTeX Font Info:    Redeclaring math symbol \daleth on input line 244.
LaTeX Font Info:    Redeclaring math symbol \lessdot on input line 245.
LaTeX Font Info:    Redeclaring math symbol \gtrdot on input line 246.
LaTeX Font Info:    Redeclaring math symbol \ltimes on input line 247.
LaTeX Font Info:    Redeclaring math symbol \rtimes on input line 248.
LaTeX Font Info:    Redeclaring math symbol \shortmid on input line 249.
LaTeX Font Info:    Redeclaring math symbol \shortparallel on input line 250.
LaTeX Font Info:    Redeclaring math symbol \smallsetminus on input line 251.
LaTeX Font Info:    Redeclaring math symbol \thicksim on input line 252.
LaTeX Font Info:    Redeclaring math symbol \thickapprox on input line 253.
LaTeX Font Info:    Redeclaring math symbol \approxeq on input line 254.
LaTeX Font Info:    Redeclaring math symbol \succapprox on input line 255.
LaTeX Font Info:    Redeclaring math symbol \precapprox on input line 256.
LaTeX Font Info:    Redeclaring math symbol \curvearrowleft on input line 257.
LaTeX Font Info:    Redeclaring math symbol \curvearrowright on input line 258.

LaTeX Font Info:    Redeclaring math symbol \digamma on input line 259.
LaTeX Font Info:    Redeclaring math symbol \varkappa on input line 260.
LaTeX Font Info:    Redeclaring math symbol \Bbbk on input line 261.
LaTeX Font Info:    Redeclaring math symbol \hslash on input line 262.
LaTeX Font Info:    Redeclaring math symbol \backepsilon on input line 265.
)
(C:\Users\CEDP\AppData\Local\Programs\MiKTeX\tex/latex/biblatex\biblatex.sty
Package: biblatex 2023/03/05 v3.19 programmable bibliographies (PK/MW)

(C:\Users\CEDP\AppData\Local\Programs\MiKTeX\tex/generic/pdftexcmds\pdftexcmds.
sty
Package: pdftexcmds 2020-06-27 v0.33 Utility functions of pdfTeX for LuaTeX (HO
)

(C:\Users\CEDP\AppData\Local\Programs\MiKTeX\tex/generic/infwarerr\infwarerr.st
y
Package: infwarerr 2019/12/03 v1.5 Providing info/warning/error messages (HO)
) (C:\Users\CEDP\AppData\Local\Programs\MiKTeX\tex/generic/ltxcmds\ltxcmds.sty
Package: ltxcmds 2020-05-10 v1.25 LaTeX kernel commands for general use (HO)
)
Package pdftexcmds Info: \pdf@primitive is available.
Package pdftexcmds Info: \pdf@ifprimitive is available.
Package pdftexcmds Info: \pdfdraftmode found.
)
(C:\Users\CEDP\AppData\Local\Programs\MiKTeX\tex/latex/kvoptions\kvoptions.sty
Package: kvoptions 2022-06-15 v3.15 Key value format for package options (HO)

(C:\Users\CEDP\AppData\Local\Programs\MiKTeX\tex/latex/kvsetkeys\kvsetkeys.sty
Package: kvsetkeys 2022-10-05 v1.19 Key value parser (HO)
)) (C:\Users\CEDP\AppData\Local\Programs\MiKTeX\tex/latex/logreq\logreq.sty
Package: logreq 2010/08/04 v1.0 xml request logger
\lrq@indent=\count271

(C:\Users\CEDP\AppData\Local\Programs\MiKTeX\tex/latex/logreq\logreq.def
File: logreq.def 2010/08/04 v1.0 logreq spec v1.0
))
(C:\Users\CEDP\AppData\Local\Programs\MiKTeX\tex/latex/base\ifthen.sty
Package: ifthen 2022/04/13 v1.1d Standard LaTeX ifthen package (DPC)
)
(C:\Users\CEDP\AppData\Local\Programs\MiKTeX\tex/latex/url\url.sty
\Urlmuskip=\muskip16
Package: url 2013/09/16  ver 3.4  Verb mode for urls, etc.
)

! Package biblatex Error: Incompatible package 'natbib'.

See the biblatex package documentation for explanation.
Type  H <return>  for immediate help.
 ...                                              
                                                  
l.212 \blx@packageincompatibility
                                 
The 'natbib' package and biblatex are incompatible.

\c@tabx@nest=\count272
\c@listtotal=\count273
\c@listcount=\count274
\c@liststart=\count275
\c@liststop=\count276
\c@citecount=\count277
\c@citetotal=\count278
\c@multicitecount=\count279
\c@multicitetotal=\count280
\c@instcount=\count281
\c@maxnames=\count282
\c@minnames=\count283
\c@maxitems=\count284
\c@minitems=\count285
\c@citecounter=\count286
\c@maxcitecounter=\count287
\c@savedcitecounter=\count288
\c@uniquelist=\count289
\c@uniquename=\count290
\c@refsection=\count291
\c@refsegment=\count292
\c@maxextratitle=\count293
\c@maxextratitleyear=\count294
\c@maxextraname=\count295
\c@maxextradate=\count296
\c@maxextraalpha=\count297
\c@abbrvpenalty=\count298
\c@highnamepenalty=\count299
\c@lownamepenalty=\count300
\c@maxparens=\count301
\c@parenlevel=\count302
\blx@tempcnta=\count303
\blx@tempcntb=\count304
\blx@tempcntc=\count305
\c@blx@maxsection=\count306
\blx@maxsegment@0=\count307
\blx@notetype=\count308
\blx@parenlevel@text=\count309
\blx@parenlevel@foot=\count310
\blx@sectionciteorder@0=\count311
\blx@sectionciteorderinternal@0=\count312
\blx@entrysetcounter=\count313
\blx@biblioinstance=\count314
\labelnumberwidth=\skip55
\labelalphawidth=\skip56
\biblabelsep=\skip57
\bibitemsep=\skip58
\bibnamesep=\skip59
\bibinitsep=\skip60
\bibparsep=\skip61

! LaTeX Error: Command \bibhang already defined.
               Or name \end... illegal, see p.192 of the manual.

See the LaTeX manual or LaTeX Companion for explanation.
Type  H <return>  for immediate help.
 ...                                              
                                                  
l.908 \newlength{\bibhang}
                          
Your command was ignored.
Type  I <command> <return>  to replace it with another command,
or  <return>  to continue without it.

\blx@bcfin=\read2
\blx@bcfout=\write4
\blx@langwohyphens=\language79
\c@mincomprange=\count315
\c@maxcomprange=\count316
\c@mincompwidth=\count317
Package biblatex Info: Trying to load biblatex default data model...
Package biblatex Info: ... file 'blx-dm.def' found.
(C:\Users\CEDP\AppData\Local\Programs\MiKTeX\tex/latex/biblatex\blx-dm.def
File: blx-dm.def 2023/03/05 v3.19 biblatex localization (PK/MW)
)
Package biblatex Info: Trying to load biblatex style data model...
Package biblatex Info: ... file 'numeric-comp.dbx' not found.
Package biblatex Info: Trying to load biblatex custom data model...
Package biblatex Info: ... file 'biblatex-dm.cfg' not found.
\c@afterword=\count318
\c@savedafterword=\count319
\c@annotator=\count320
\c@savedannotator=\count321


! LaTeX Error: Command \c@author already defined.
               Or name \end... illegal, see p.192 of the manual.

See the LaTeX manual or LaTeX Companion for explanation.
Type  H <return>  for immediate help.
 ...                                              
                                                  
l.7525 \abx@donames
                   
Your command was ignored.
Type  I <command> <return>  to replace it with another command,
or  <return>  to continue without it.

\c@savedauthor=\count322
\c@bookauthor=\count323
\c@savedbookauthor=\count324
\c@commentator=\count325
\c@savedcommentator=\count326
\c@editor=\count327
\c@savededitor=\count328
\c@editora=\count329
\c@savededitora=\count330
\c@editorb=\count331
\c@savededitorb=\count332
\c@editorc=\count333
\c@savededitorc=\count334
\c@foreword=\count335
\c@savedforeword=\count336
\c@holder=\count337
\c@savedholder=\count338
\c@introduction=\count339
\c@savedintroduction=\count340
\c@namea=\count341
\c@savednamea=\count342
\c@nameb=\count343
\c@savednameb=\count344
\c@namec=\count345
\c@savednamec=\count346
\c@translator=\count347
\c@savedtranslator=\count348
\c@shortauthor=\count349
\c@savedshortauthor=\count350
\c@shorteditor=\count351
\c@savedshorteditor=\count352
\c@labelname=\count353
\c@savedlabelname=\count354
\c@institution=\count355
\c@savedinstitution=\count356
\c@lista=\count357
\c@savedlista=\count358
\c@listb=\count359
\c@savedlistb=\count360
\c@listc=\count361
\c@savedlistc=\count362
\c@listd=\count363
\c@savedlistd=\count364
\c@liste=\count365
\c@savedliste=\count366
\c@listf=\count367
\c@savedlistf=\count368
\c@location=\count369
\c@savedlocation=\count370
\c@organization=\count371
\c@savedorganization=\count372
\c@origlocation=\count373
\c@savedoriglocation=\count374
\c@origpublisher=\count375
\c@savedorigpublisher=\count376
\c@publisher=\count377
\c@savedpublisher=\count378
\c@language=\count379
\c@savedlanguage=\count380
\c@origlanguage=\count381
\c@savedoriglanguage=\count382
\c@pageref=\count383
\c@savedpageref=\count384
\shorthandwidth=\skip62
\shortjournalwidth=\skip63
\shortserieswidth=\skip64
\shorttitlewidth=\skip65
\shortauthorwidth=\skip66
\shorteditorwidth=\skip67
\locallabelnumberwidth=\skip68
\locallabelalphawidth=\skip69
\localshorthandwidth=\skip70
\localshortjournalwidth=\skip71
\localshortserieswidth=\skip72
\localshorttitlewidth=\skip73
\localshortauthorwidth=\skip74
\localshorteditorwidth=\skip75

! LaTeX Error: Command \citename already defined.
               Or name \end... illegal, see p.192 of the manual.

See the LaTeX manual or LaTeX Companion for explanation.
Type  H <return>  for immediate help.
 ...                                              
                                                  
l.12630 ...*{\citename}{\blx@citexpunct{citename}}
                                                  
Your command was ignored.
Type  I <command> <return>  to replace it with another command,
or  <return>  to continue without it.

Package biblatex Info: Trying to load compatibility code...
Package biblatex Info: ... file 'blx-compat.def' found.
(C:\Users\CEDP\AppData\Local\Programs\MiKTeX\tex/latex/biblatex\blx-compat.def
File: blx-compat.def 2023/03/05 v3.19 biblatex compatibility (PK/MW)
)
Package biblatex Info: Trying to load generic definitions...
Package biblatex Info: ... file 'biblatex.def' found.
(C:\Users\CEDP\AppData\Local\Programs\MiKTeX\tex/latex/biblatex\biblatex.def
File: biblatex.def 2023/03/05 v3.19 biblatex compatibility (PK/MW)
\c@textcitecount=\count385
\c@textcitetotal=\count386
\c@textcitemaxnames=\count387
\c@biburlbigbreakpenalty=\count388
\c@biburlbreakpenalty=\count389
\c@biburlnumpenalty=\count390
\c@biburlucpenalty=\count391
\c@biburllcpenalty=\count392
\biburlbigskip=\muskip17
\biburlnumskip=\muskip18
\biburlucskip=\muskip19
\biburllcskip=\muskip20


! LaTeX Error: Command \bibfont already defined.
               Or name \end... illegal, see p.192 of the manual.

See the LaTeX manual or LaTeX Companion for explanation.
Type  H <return>  for immediate help.
 ...                                              
                                                  
l.339 ...ommand*{\bibfont}{\normalfont\normalsize}
                                                  
Your command was ignored.
Type  I <command> <return>  to replace it with another command,
or  <return>  to continue without it.

\c@smartand=\count393

Package biblatex Warning: Redefining '\citeauthor'.


Package biblatex Warning: Redefining '\citeyear'.


! LaTeX Error: Command \Citeauthor already defined.
               Or name \end... illegal, see p.192 of the manual.

See the LaTeX manual or LaTeX Companion for explanation.
Type  H <return>  for immediate help.
 ...                                              
                                                  
l.2306 ...e\citeauthor*}{\bibsentence\citeauthor}}
                                                  
Your command was ignored.
Type  I <command> <return>  to replace it with another command,
or  <return>  to continue without it.

)
Package biblatex Info: Trying to load bibliography style 'numeric-comp'...
Package biblatex Info: ... file 'numeric-comp.bbx' found.

(C:\Users\CEDP\AppData\Local\Programs\MiKTeX\tex/latex/biblatex/bbx\numeric-com
p.bbx
File: numeric-comp.bbx 2023/03/05 v3.19 biblatex bibliography style (PK/MW)
Package biblatex Info: Trying to load bibliography style 'numeric'...
Package biblatex Info: ... file 'numeric.bbx' found.

(C:\Users\CEDP\AppData\Local\Programs\MiKTeX\tex/latex/biblatex/bbx\numeric.bbx
File: numeric.bbx 2023/03/05 v3.19 biblatex bibliography style (PK/MW)
Package biblatex Info: Trying to load bibliography style 'standard'...
Package biblatex Info: ... file 'standard.bbx' found.

(C:\Users\CEDP\AppData\Local\Programs\MiKTeX\tex/latex/biblatex/bbx\standard.bb
x
File: standard.bbx 2023/03/05 v3.19 biblatex bibliography style (PK/MW)
\c@bbx:relatedcount=\count394
\c@bbx:relatedtotal=\count395
)))
Package biblatex Info: Trying to load citation style 'numeric-comp'...
Package biblatex Info: ... file 'numeric-comp.cbx' found.

(C:\Users\CEDP\AppData\Local\Programs\MiKTeX\tex/latex/biblatex/cbx\numeric-com
p.cbx
File: numeric-comp.cbx 2023/03/05 v3.19 biblatex citation style (PK/MW)
\c@cbx@tempcnta=\count396
\c@cbx@tempcntb=\count397
\c@cbx@tempcntc=\count398
\c@cbx@tempcntd=\count399
Package biblatex Info: Redefining '\cite'.
Package biblatex Info: Redefining '\parencite'.
Package biblatex Info: Redefining '\footcite'.
Package biblatex Info: Redefining '\footcitetext'.
Package biblatex Info: Redefining '\smartcite'.
Package biblatex Info: Redefining '\supercite'.
Package biblatex Info: Redefining '\textcite'.
Package biblatex Info: Redefining '\textcites'.
Package biblatex Info: Redefining '\cites'.
Package biblatex Info: Redefining '\parencites'.
Package biblatex Info: Redefining '\smartcites'.
)
Package biblatex Info: Trying to load configuration file...
Package biblatex Info: ... file 'biblatex.cfg' found.

(C:\Users\CEDP\AppData\Local\Programs\MiKTeX\tex/latex/biblatex\biblatex.cfg
File: biblatex.cfg 
)
Package biblatex Info: Input encoding 'utf8' detected.
Package biblatex Info: Document encoding is UTF8 ....
Package biblatex Info: ... and expl3
(biblatex)             2023-08-29 L3 programming layer (loader) 
(biblatex)             is new enough (at least 2020/04/06),
(biblatex)             setting 'casechanger=expl3'.

(C:\Users\CEDP\AppData\Local\Programs\MiKTeX\tex/latex/biblatex\blx-case-expl3.
sty
Package: blx-case-expl3 2023/03/05 v3.19 expl3 case changing code for biblatex
))
(C:\Users\CEDP\AppData\Local\Programs\MiKTeX\tex/latex/setspace\setspace.sty
Package: setspace 2022/12/04 v6.7b set line spacing
)
(C:\Users\CEDP\AppData\Local\Programs\MiKTeX\tex/latex/caption\subcaption.sty
Package: subcaption 2023/07/28 v1.6b Sub-captions (AR)

(C:\Users\CEDP\AppData\Local\Programs\MiKTeX\tex/latex/caption\caption.sty
Package: caption 2023/08/05 v3.6o Customizing captions (AR)

(C:\Users\CEDP\AppData\Local\Programs\MiKTeX\tex/latex/caption\caption3.sty
Package: caption3 2023/07/31 v2.4d caption3 kernel (AR)
\caption@tempdima=\dimen156
\captionmargin=\dimen157
\caption@leftmargin=\dimen158
\caption@rightmargin=\dimen159
\caption@width=\dimen160
\caption@indent=\dimen161
\caption@parindent=\dimen162
\caption@hangindent=\dimen163
Package caption Info: elsarticle document class detected.

(C:\Users\CEDP\AppData\Local\Programs\MiKTeX\tex/latex/caption\caption-elsartic
le.sto
File: caption-elsarticle.sto 2020/08/22 v2.0 Adaption of the caption package to
 the elsarticle document class (AR)
))
\c@caption@flags=\count400
\c@continuedfloat=\count401
)
Package caption Info: New subtype `subfigure' on input line 238.
\c@subfigure=\count402
Package caption Info: New subtype `subtable' on input line 238.
\c@subtable=\count403
)
(C:\Users\CEDP\AppData\Local\Programs\MiKTeX\tex/latex/amsmath\amsmath.sty
Package: amsmath 2023/05/13 v2.17o AMS math features
\@mathmargin=\skip76

For additional information on amsmath, use the `?' option.
(C:\Users\CEDP\AppData\Local\Programs\MiKTeX\tex/latex/amsmath\amstext.sty
Package: amstext 2021/08/26 v2.01 AMS text

(C:\Users\CEDP\AppData\Local\Programs\MiKTeX\tex/latex/amsmath\amsgen.sty
File: amsgen.sty 1999/11/30 v2.0 generic functions
\@emptytoks=\toks22
\ex@=\dimen164
))
(C:\Users\CEDP\AppData\Local\Programs\MiKTeX\tex/latex/amsmath\amsbsy.sty
Package: amsbsy 1999/11/29 v1.2d Bold Symbols
\pmbraise@=\dimen165
)
(C:\Users\CEDP\AppData\Local\Programs\MiKTeX\tex/latex/amsmath\amsopn.sty
Package: amsopn 2022/04/08 v2.04 operator names
)
\inf@bad=\count404
LaTeX Info: Redefining \frac on input line 234.
\uproot@=\count405
\leftroot@=\count406
LaTeX Info: Redefining \overline on input line 399.
LaTeX Info: Redefining \colon on input line 410.
\classnum@=\count407
\DOTSCASE@=\count408
LaTeX Info: Redefining \ldots on input line 496.
LaTeX Info: Redefining \dots on input line 499.
LaTeX Info: Redefining \cdots on input line 620.
\Mathstrutbox@=\box58
\strutbox@=\box59
LaTeX Info: Redefining \big on input line 722.
LaTeX Info: Redefining \Big on input line 723.
LaTeX Info: Redefining \bigg on input line 724.
LaTeX Info: Redefining \Bigg on input line 725.
\big@size=\dimen166
LaTeX Font Info:    Redeclaring font encoding OML on input line 743.
LaTeX Font Info:    Redeclaring font encoding OMS on input line 744.
\macc@depth=\count409
LaTeX Info: Redefining \bmod on input line 905.
LaTeX Info: Redefining \pmod on input line 910.
LaTeX Info: Redefining \smash on input line 940.
LaTeX Info: Redefining \relbar on input line 970.
LaTeX Info: Redefining \Relbar on input line 971.
\c@MaxMatrixCols=\count410
\dotsspace@=\muskip21
\c@parentequation=\count411
\dspbrk@lvl=\count412
\tag@help=\toks23
\row@=\count413
\column@=\count414
\maxfields@=\count415
\andhelp@=\toks24
\eqnshift@=\dimen167
\alignsep@=\dimen168
\tagshift@=\dimen169
\tagwidth@=\dimen170
\totwidth@=\dimen171
\lineht@=\dimen172
\@envbody=\toks25
\multlinegap=\skip77
\multlinetaggap=\skip78
\mathdisplay@stack=\toks26
LaTeX Info: Redefining \[ on input line 2953.
LaTeX Info: Redefining \] on input line 2954.
)
(C:\Users\CEDP\AppData\Local\Programs\MiKTeX\tex/latex/booktabs\booktabs.sty
Package: booktabs 2020/01/12 v1.61803398 Publication quality tables
\heavyrulewidth=\dimen173
\lightrulewidth=\dimen174
\cmidrulewidth=\dimen175
\belowrulesep=\dimen176
\belowbottomsep=\dimen177
\aboverulesep=\dimen178
\abovetopsep=\dimen179
\cmidrulesep=\dimen180
\cmidrulekern=\dimen181
\defaultaddspace=\dimen182
\@cmidla=\count416
\@cmidlb=\count417
\@aboverulesep=\dimen183
\@belowrulesep=\dimen184
\@thisruleclass=\count418
\@lastruleclass=\count419
\@thisrulewidth=\dimen185
)
(C:\Users\CEDP\AppData\Local\Programs\MiKTeX\tex/latex/multirow\multirow.sty
Package: multirow 2021/03/15 v2.8 Span multiple rows of a table
\multirow@colwidth=\skip79
\multirow@cntb=\count420
\multirow@dima=\skip80
\bigstrutjot=\dimen186
)

Package geometry Warning: Over-specification in `h'-direction.
    `width' (522.0pt) is ignored.


Package geometry Warning: Over-specification in `v'-direction.
    `height' (682.0pt) is ignored.

(C:\Users\CEDP\AppData\Local\Programs\MiKTeX\tex/latex/tools\array.sty
Package: array 2022/09/04 v2.5g Tabular extension package (FMi)
\col@sep=\dimen187
\ar@mcellbox=\box60
\extrarowheight=\dimen188
\NC@list=\toks27
\extratabsurround=\skip81
\backup@length=\skip82
\ar@cellbox=\box61
)
(C:\Users\CEDP\AppData\Local\Programs\MiKTeX\tex/latex/makecell\makecell.sty
Package: makecell 2009/08/03 V0.1e Managing of Tab Column Heads and Cells
\rotheadsize=\dimen189
\c@nlinenum=\count421
\TeXr@lab=\toks28
)
(C:\Users\CEDP\AppData\Local\Programs\MiKTeX\tex/latex/placeins\placeins.sty
Package: placeins 2005/04/18  v 2.2
)
\@quotelevel=\count422
\@quotereset=\count423
LaTeX Font Info:    Trying to load font information for T1+txr on input line 22
.

(C:\Users\CEDP\AppData\Local\Programs\MiKTeX\tex/latex/txfonts\t1txr.fd
File: t1txr.fd 2000/12/15 v3.1
)
(main.aux

LaTeX Warning: Label `fig:bawali' multiply defined.


LaTeX Warning: Label `fig:mangrove_loan' multiply defined.


LaTeX Warning: Label `fig:catching_mangrove' multiply defined.


LaTeX Warning: Label `fig:household_loan' multiply defined.


LaTeX Warning: Label `fig:catching_household' multiply defined.


LaTeX Warning: Label `fig:farmers_loan' multiply defined.


LaTeX Warning: Label `fig:bawali' multiply defined.


LaTeX Warning: Label `fig:mangrove_loan' multiply defined.


LaTeX Warning: Label `fig:catching_mangrove' multiply defined.


LaTeX Warning: Label `fig:household_loan' multiply defined.


LaTeX Warning: Label `fig:catching_household' multiply defined.


LaTeX Warning: Label `fig:farmers_loan' multiply defined.


LaTeX Warning: Label `fig:crop_production' multiply defined.


LaTeX Warning: Label `tab:policy_golpata_stock' multiply defined.

)
\openout1 = `main.aux'.

LaTeX Font Info:    Checking defaults for OML/txmi/m/it on input line 22.
LaTeX Font Info:    Trying to load font information for OML+txmi on input line 
22.
 (C:\Users\CEDP\AppData\Local\Programs\MiKTeX\tex/latex/txfonts\omltxmi.fd
File: omltxmi.fd 2000/12/15 v3.1
)
LaTeX Font Info:    ... okay on input line 22.
LaTeX Font Info:    Checking defaults for OMS/txsy/m/n on input line 22.
LaTeX Font Info:    Trying to load font information for OMS+txsy on input line 
22.

(C:\Users\CEDP\AppData\Local\Programs\MiKTeX\tex/latex/txfonts\omstxsy.fd
File: omstxsy.fd 2000/12/15 v3.1
)
LaTeX Font Info:    ... okay on input line 22.
LaTeX Font Info:    Checking defaults for OT1/cmr/m/n on input line 22.
LaTeX Font Info:    ... okay on input line 22.
LaTeX Font Info:    Checking defaults for T1/cmr/m/n on input line 22.
LaTeX Font Info:    ... okay on input line 22.
LaTeX Font Info:    Checking defaults for TS1/cmr/m/n on input line 22.
LaTeX Font Info:    ... okay on input line 22.
LaTeX Font Info:    Checking defaults for OMX/txex/m/n on input line 22.
LaTeX Font Info:    Trying to load font information for OMX+txex on input line 
22.

(C:\Users\CEDP\AppData\Local\Programs\MiKTeX\tex/latex/txfonts\omxtxex.fd
File: omxtxex.fd 2000/12/15 v3.1
)
LaTeX Font Info:    ... okay on input line 22.
LaTeX Font Info:    Checking defaults for U/txexa/m/n on input line 22.
LaTeX Font Info:    Trying to load font information for U+txexa on input line 2
2.

(C:\Users\CEDP\AppData\Local\Programs\MiKTeX\tex/latex/txfonts\utxexa.fd
File: utxexa.fd 2000/12/15 v3.1
)
LaTeX Font Info:    ... okay on input line 22.

(C:\Users\CEDP\AppData\Local\Programs\MiKTeX\tex/context/base/mkii\supp-pdf.mki
i
[Loading MPS to PDF converter (version 2006.09.02).]
\scratchcounter=\count424
\scratchdimen=\dimen190
\scratchbox=\box62
\nofMPsegments=\count425
\nofMParguments=\count426
\everyMPshowfont=\toks29
\MPscratchCnt=\count427
\MPscratchDim=\dimen191
\MPnumerator=\count428
\makeMPintoPDFobject=\count429
\everyMPtoPDFconversion=\toks30
)
(C:\Users\CEDP\AppData\Local\Programs\MiKTeX\tex/latex/epstopdf-pkg\epstopdf-ba
se.sty
Package: epstopdf-base 2020-01-24 v2.11 Base part for package epstopdf
Package epstopdf-base Info: Redefining graphics rule for `.eps' on input line 4
85.

(C:\Users\CEDP\AppData\Local\Programs\MiKTeX\tex/latex/00miktex\epstopdf-sys.cf
g
File: epstopdf-sys.cfg 2021/03/18 v2.0 Configuration of epstopdf for MiKTeX
))
*geometry* driver: auto-detecting
*geometry* detected driver: pdftex
*geometry* verbose mode - [ preamble ] result:
* driver: pdftex
* paper: custom
* layout: <same size as paper>
* layoutoffset:(h,v)=(0.0pt,0.0pt)
* hratio: 1:1
* vratio: 1:1
* modes: 
* h-part:(L,W,R)=(72.26999pt, 452.9679pt, 72.26999pt)
* v-part:(T,H,B)=(72.26999pt, 700.50687pt, 72.26999pt)
* \paperwidth=597.50787pt
* \paperheight=845.04684pt
* \textwidth=452.9679pt
* \textheight=700.50687pt
* \oddsidemargin=0.0pt
* \evensidemargin=0.0pt
* \topmargin=-62.0pt
* \headheight=50.0pt
* \headsep=12.0pt
* \topskip=10.0pt
* \footskip=18.0pt
* \marginparwidth=4.0pt
* \marginparsep=10.0pt
* \columnsep=18.0pt
* \skip\footins=24.0pt plus 2.0pt minus 12.0pt
* \hoffset=0.0pt
* \voffset=0.0pt
* \mag=1000
* \@twocolumntrue
* \@twosidefalse
* \@mparswitchfalse
* \@reversemarginfalse
* (1in=72.27pt=25.4mm, 1cm=28.453pt)

Package biblatex Info: Trying to load language 'english'...
Package biblatex Info: ... file 'english.lbx' found.

(C:\Users\CEDP\AppData\Local\Programs\MiKTeX\tex/latex/biblatex/lbx\english.lbx
File: english.lbx 2023/03/05 v3.19 biblatex localization (PK/MW)
)
Package biblatex Info: Input encoding 'utf8' detected.
Package biblatex Info: Automatic encoding selection.
(biblatex)             Assuming data encoding 'utf8'.
\openout4 = `main.bcf'.

Package biblatex Info: Trying to load bibliographic data...
Package biblatex Info: ... file 'main.bbl' not found.

No file main.bbl.
Package biblatex Info: Reference section=0 on input line 22.
Package biblatex Info: Reference segment=0 on input line 22.
Package caption Info: Begin \AtBeginDocument code.
Package caption Info: End \AtBeginDocument code.
LaTeX Font Info:    Font shape `T1/txr/b/n' in size <10> not available
(Font)              Font shape `T1/txr/bx/n' tried instead on input line 37.
LaTeX Font Info:    Trying to load font information for OT1+txr on input line 6
4.
(C:\Users\CEDP\AppData\Local\Programs\MiKTeX\tex/latex/txfonts\ot1txr.fd
File: ot1txr.fd 2000/12/15 v3.1
)
LaTeX Font Info:    Trying to load font information for U+txmia on input line 6
4.

(C:\Users\CEDP\AppData\Local\Programs\MiKTeX\tex/latex/txfonts\utxmia.fd
File: utxmia.fd 2000/12/15 v3.1
)
LaTeX Font Info:    Trying to load font information for U+msa on input line 64.


(C:\Users\CEDP\AppData\Local\Programs\MiKTeX\tex/latex/amsfonts\umsa.fd
File: umsa.fd 2013/01/14 v3.01 AMS symbols A
)
LaTeX Font Info:    Trying to load font information for U+msb on input line 64.


(C:\Users\CEDP\AppData\Local\Programs\MiKTeX\tex/latex/amsfonts\umsb.fd
File: umsb.fd 2013/01/14 v3.01 AMS symbols B
)
LaTeX Font Info:    Trying to load font information for U+txsyc on input line 6
4.

(C:\Users\CEDP\AppData\Local\Programs\MiKTeX\tex/latex/txfonts\utxsyc.fd
File: utxsyc.fd 2000/12/15 v3.1
)
<gabura.jpg, id=1, 681.29532pt x 332.74312pt>
File: gabura.jpg Graphic file (type jpg)
<use gabura.jpg>
Package pdftex.def Info: gabura.jpg  used on input line 85.
(pdftex.def)             Requested size: 226.48395pt x 110.61284pt.

Overfull \hbox (9.0pt too wide) in paragraph at lines 85--86
 [][] 
 []


LaTeX Warning: Citation 'sweety2022agent' on page 1 undefined on input line 96.



Underfull \hbox (badness 4595) in paragraph at lines 96--98
[]\T1/txr/m/n/10 The study area in-volves Sunadar-bans(Fig. 1[]),
 []


Underfull \hbox (badness 3260) in paragraph at lines 96--98
\T1/txr/m/n/10 which is the the world's largest man-grove for-
 []


Underfull \hbox (badness 3375) in paragraph at lines 96--98
\T1/txr/m/n/10 est.Our study is specif-i-cally fo-cused on Gabura
 []


Underfull \hbox (badness 7558) in paragraph at lines 96--98
\T1/txr/m/n/10 union un-der Shayam-na-gar up-azilla of Satkhira
 []


Underfull \hbox (badness 1515) in paragraph at lines 96--98
\T1/txr/m/n/10 District.[[]].Mangrove area pro-vides
 []


LaTeX Warning: Citation 'jahan2006characterization' on page 1 undefined on inpu
t line 100.


LaTeX Warning: Citation 'financialexpress2020sundarbans' on page 1 undefined on
 input line 100.


LaTeX Warning: Citation 'mongabay2020' on page 1 undefined on input line 100.


LaTeX Warning: Citation 'banglapedia2021' on page 1 undefined on input line 100
.


LaTeX Warning: Citation 'mongabay2020' on page 1 undefined on input line 100.


LaTeX Warning: Citation 'mongabay2020' on page 1 undefined on input line 100.


Underfull \hbox (badness 1221) in paragraph at lines 100--101
\T1/txr/m/n/10 dant species around the man-grove ar-eas,constitute
 []


Underfull \hbox (badness 2343) in paragraph at lines 100--101
\T1/txr/m/n/10 This palm tree lacks a trunk and has tall, up-
 []


Underfull \hbox (badness 1005) in paragraph at lines 100--101
\T1/txr/m/n/10 right leaves and a dense root sys-tem. It thrives
 []


Underfull \hbox (badness 2376) in paragraph at lines 100--101
\T1/txr/m/n/10 in river-banks and streams that have a mod-er-ate
 []


Underfull \hbox (badness 1117) in paragraph at lines 100--101
\T1/txr/m/n/10 amount and ex-tent of Gol-pata are shrink-ing with
 []


Underfull \hbox (badness 2662) in paragraph at lines 100--101
\T1/txr/m/n/10 time mak-ing a threat to the coastal ar-eas pop-
 []


Underfull \hbox (badness 2689) in paragraph at lines 100--101
\T1/txr/m/n/10 u-la-tion in re-gard of their ex-is-tence and in-come
 []


Underfull \hbox (badness 10000) in paragraph at lines 100--101
\T1/txr/m/n/10 source[[]].Golpata
 []


Underfull \hbox (badness 1342) in paragraph at lines 100--101
\T1/txr/m/n/10 leaves are col-lected, pro-vid-ing em-ploy-ment for a
 []


Underfull \hbox (badness 2582) in paragraph at lines 100--101
\T1/txr/m/n/10 [[]][[]].Golpata is en-
 []


Underfull \hbox (badness 1472) in paragraph at lines 100--101
\T1/txr/m/n/10 lo-cal non-governmental or-ga-ni-za-tions (NGOs) and
 []


Underfull \hbox (badness 2393) in paragraph at lines 100--101
\T1/txr/m/n/10 tech-niques and cul-ti-vat-ing Gol-pata in spe-cial-ized
 []

LaTeX Font Info:    Trying to load font information for TS1+txr on input line 1
03.
(C:\Users\CEDP\AppData\Local\Programs\MiKTeX\tex/latex/txfonts\ts1txr.fd
File: ts1txr.fd 2000/12/15 v3.1
)

LaTeX Warning: Citation 'book' on page 1 undefined on input line 104.


LaTeX Warning: Citation 'article' on page 1 undefined on input line 105.


Underfull \vbox (badness 10000) has occurred while \output is active []

 [1{C:/Users/CEDP/AppData/Local/MiKTeX/fonts/map/pdftex/pdftex.map}{C:/Users/CE
DP/AppData/Local/Programs/MiKTeX/fonts/enc/dvips/base/8r.enc}


 <./gabura.jpg>]

LaTeX Warning: Citation 'mongabay2020shrimp' on page 2 undefined on input line 
107.


LaTeX Warning: Citation 'mongabay2020salt' on page 2 undefined on input line 10
7.


LaTeX Warning: Citation 'mongabay2020caught' on page 2 undefined on input line 
107.


LaTeX Warning: Citation 'engage4sundarbans2020' on page 2 undefined on input li
ne 107.


Underfull \hbox (badness 1117) in paragraph at lines 107--108
\T1/txr/m/n/10 that has been present in man-grove re-gions up to
 []


Underfull \hbox (badness 2762) in paragraph at lines 107--108
\T1/txr/m/n/10 re-sulted in per-sis-tent con-se-quences, such as the
 []


Underfull \hbox (badness 1112) in paragraph at lines 107--108
\T1/txr/m/n/10 to ur-ban ar-eas in pur-suit of al-ter-na-tive means of
 []


Underfull \hbox (badness 1264) in paragraph at lines 107--108
\T1/txr/m/n/10 liveli-hood.Farmers in the Sun-dar-bans are uti-liz-ing
 []


Underfull \hbox (badness 1642) in paragraph at lines 107--108
\T1/txr/m/n/10 in this frag-ile ecosys-tem, lo-cal non-governmental
 []


Underfull \hbox (badness 7186) in paragraph at lines 107--108
\T1/txr/m/n/10 or-ga-ni-za-tions (NGOs) and aca-demic in-sti-tu-tions
 []


Underfull \hbox (badness 3884) in paragraph at lines 107--108
\T1/txr/m/n/10 are mak-ing ef-forts to re-vive tra-di-tional agri-cul-
 []


Underfull \hbox (badness 1688) in paragraph at lines 107--108
\T1/txr/m/n/10 tural knowl-edge and pro-mote sus-tain-able farm-ing
 []


Overfull \hbox (217.80605pt too wide) in paragraph at lines 107--108
\T1/txr/m/n/10 methods[[]][[]][[]][[]]. 
 []


Underfull \vbox (badness 7832) has occurred while \output is active []



LaTeX Warning: Citation 'railsback2019agent' on page 2 undefined on input line 
109.


LaTeX Warning: Citation 'bonabeau2002agent' on page 2 undefined on input line 1
09.


LaTeX Warning: Citation 'macal2010tutorial' on page 2 undefined on input line 1
09.


Underfull \hbox (badness 1668) in paragraph at lines 109--110
[]\T1/txr/m/n/10 Agent-Based Mod-els (ABM) con-sist of agents,
 []


Underfull \hbox (badness 4024) in paragraph at lines 109--110
\T1/txr/m/n/10 their in-ter-ac-tions and decision-making pro-cesses,
 []


Underfull \hbox (badness 1137) in paragraph at lines 109--110
\T1/txr/m/n/10 plines, in-clud-ing as epi-demi-ol-ogy to sim-u-late the
 []


Overfull \hbox (94.15607pt too wide) in paragraph at lines 109--110
\T1/txr/m/n/10 phenomena[[]][[]][[]] 
 []

[2]
Underfull \hbox (badness 1688) in paragraph at lines 147--148
[]\T1/txr/m/n/10 The whole agent based model is char-ac-ter-ized
 []


Underfull \hbox (badness 8170) in paragraph at lines 159--160
[]\T1/txr/m/n/10 Additionally, global vari-ables af-fect-ing agent
 []


Underfull \hbox (badness 1406) in paragraph at lines 159--160
\T1/txr/m/n/10 behavior---some pos-i-tively, oth-ers negatively---also
 []

LaTeX Font Info:    Font shape `T1/txr/b/n' in size <7> not available
(Font)              Font shape `T1/txr/bx/n' tried instead on input line 168.
[3]
Underfull \hbox (badness 1087) in paragraph at lines 217--218
[]\T1/txr/m/n/10 Movement cost for Fish-er-men_M: 0.375
 []

<graph_all/plots_fav/golpata_stock_vs_time.png, id=18, 766.7847pt x 521.0667pt>

File: graph_all/plots_fav/golpata_stock_vs_time.png Graphic file (type png)
<use graph_all/plots_fav/golpata_stock_vs_time.png>
Package pdftex.def Info: graph_all/plots_fav/golpata_stock_vs_time.png  used on
 input line 250.
(pdftex.def)             Requested size: 181.18439pt x 123.11855pt.
<graph_all/plots_fav/mangrove_fishers_in_loan_vs_time.png, id=20, 740.2857pt x 
521.0667pt>
File: graph_all/plots_fav/mangrove_fishers_in_loan_vs_time.png Graphic file (ty
pe png)
<use graph_all/plots_fav/mangrove_fishers_in_loan_vs_time.png>
Package pdftex.def Info: graph_all/plots_fav/mangrove_fishers_in_loan_vs_time.p
ng  used on input line 285.
(pdftex.def)             Requested size: 181.18439pt x 127.52332pt.
<graph_all/plots_fav/catching_capacity_mangrove_vs_time.png, id=21, 744.8628pt 
x 521.0667pt>
File: graph_all/plots_fav/catching_capacity_mangrove_vs_time.png Graphic file (
type png)
<use graph_all/plots_fav/catching_capacity_mangrove_vs_time.png>
Package pdftex.def Info: graph_all/plots_fav/catching_capacity_mangrove_vs_time
.png  used on input line 321.
(pdftex.def)             Requested size: 181.18439pt x 126.74413pt.
[4]
Underfull \vbox (badness 1917) has occurred while \output is active []

<graph_all/plots_fav/household_fishers_in_loan_vs_time.png, id=25, 735.7086pt x
 521.0667pt>
File: graph_all/plots_fav/household_fishers_in_loan_vs_time.png Graphic file (t
ype png)
<use graph_all/plots_fav/household_fishers_in_loan_vs_time.png>
Package pdftex.def Info: graph_all/plots_fav/household_fishers_in_loan_vs_time.
png  used on input line 357.
(pdftex.def)             Requested size: 181.18439pt x 128.31839pt.
<graph_all/plots_fav/catching_capacity_household_vs_time.png, id=26, 744.8628pt
 x 521.0667pt>
File: graph_all/plots_fav/catching_capacity_household_vs_time.png Graphic file 
(type png)
<use graph_all/plots_fav/catching_capacity_household_vs_time.png>
Package pdftex.def Info: graph_all/plots_fav/catching_capacity_household_vs_tim
e.png  used on input line 393.
(pdftex.def)             Requested size: 181.18439pt x 126.74413pt.
<graph_all/plots_fav/farmers_in_loan_vs_time.png, id=27, 731.1315pt x 521.0667p
t>
File: graph_all/plots_fav/farmers_in_loan_vs_time.png Graphic file (type png)
<use graph_all/plots_fav/farmers_in_loan_vs_time.png>
Package pdftex.def Info: graph_all/plots_fav/farmers_in_loan_vs_time.png  used 
on input line 428.
(pdftex.def)             Requested size: 181.18439pt x 129.12143pt.

Underfull \hbox (badness 1314) in paragraph at lines 353--462
\T1/txr/m/n/10 sud-den surges and ex-tended pe-ri-ods of in-ac-tiv-ity.
 []


Underfull \hbox (badness 1024) in paragraph at lines 353--462
\T1/txr/m/n/10 vari-a-tions, sug-gest-ing in-creased bor-row-ing sus-cep-
 []


Underfull \hbox (badness 1708) in paragraph at lines 353--462
\T1/txr/m/n/10 con-sis-tently in-di-cate zero loan par-tic-i-pa-tion, with
 []


Underfull \hbox (badness 1281) in paragraph at lines 353--462
\T1/txr/m/n/10 gov-ern-men-tal ini-tia-tives tar-get-ing these pe-ri-ods of
 []


Underfull \hbox (badness 1112) in paragraph at lines 353--462
\T1/txr/m/n/10 or cycli-cal de-mand for fi-nan-cial as-sis-tance. The
 []


Underfull \hbox (badness 10000) in paragraph at lines 353--462

 []

[5 <./graph_all/plots_fav/golpata_stock_vs_time.png> <./graph_all/plots_fav/man
grove_fishers_in_loan_vs_time.png> <./graph_all/plots_fav/catching_capacity_man
grove_vs_time.png>] [6 <./graph_all/plots_fav/household_fishers_in_loan_vs_time
.png> <./graph_all/plots_fav/catching_capacity_household_vs_time.png>]
<graph_all/plots_mod/golpata_stock_vs_time.png, id=39, 766.7847pt x 521.0667pt>

File: graph_all/plots_mod/golpata_stock_vs_time.png Graphic file (type png)
<use graph_all/plots_mod/golpata_stock_vs_time.png>
Package pdftex.def Info: graph_all/plots_mod/golpata_stock_vs_time.png  used on
 input line 474.
(pdftex.def)             Requested size: 181.18439pt x 123.11855pt.
<graph_all/plots_mod/mangrove_fishers_in_loan_vs_time.png, id=40, 740.2857pt x 
521.0667pt>
File: graph_all/plots_mod/mangrove_fishers_in_loan_vs_time.png Graphic file (ty
pe png)
<use graph_all/plots_mod/mangrove_fishers_in_loan_vs_time.png>
Package pdftex.def Info: graph_all/plots_mod/mangrove_fishers_in_loan_vs_time.p
ng  used on input line 510.
(pdftex.def)             Requested size: 181.18439pt x 127.52332pt.
<graph_all/plots_mod/catching_capacity_mangrove_vs_time.png, id=41, 744.8628pt 
x 521.0667pt>
File: graph_all/plots_mod/catching_capacity_mangrove_vs_time.png Graphic file (
type png)
<use graph_all/plots_mod/catching_capacity_mangrove_vs_time.png>
Package pdftex.def Info: graph_all/plots_mod/catching_capacity_mangrove_vs_time
.png  used on input line 545.
(pdftex.def)             Requested size: 181.18439pt x 126.74413pt.
<graph_all/plots_mod/household_fishers_in_loan_vs_time.png, id=42, 722.2182pt x
 521.0667pt>
File: graph_all/plots_mod/household_fishers_in_loan_vs_time.png Graphic file (t
ype png)
<use graph_all/plots_mod/household_fishers_in_loan_vs_time.png>
Package pdftex.def Info: graph_all/plots_mod/household_fishers_in_loan_vs_time.
png  used on input line 581.
(pdftex.def)             Requested size: 181.18439pt x 130.71954pt.
<graph_all/plots_mod/catching_capacity_household_vs_time.png, id=43, 744.8628pt
 x 521.0667pt>
File: graph_all/plots_mod/catching_capacity_household_vs_time.png Graphic file 
(type png)
<use graph_all/plots_mod/catching_capacity_household_vs_time.png>
Package pdftex.def Info: graph_all/plots_mod/catching_capacity_household_vs_tim
e.png  used on input line 616.
(pdftex.def)             Requested size: 181.18439pt x 126.74413pt.
<graph_all/plots_mod/farmers_in_loan_vs_time.png, id=44, 731.1315pt x 521.0667p
t>
File: graph_all/plots_mod/farmers_in_loan_vs_time.png Graphic file (type png)
<use graph_all/plots_mod/farmers_in_loan_vs_time.png>
Package pdftex.def Info: graph_all/plots_mod/farmers_in_loan_vs_time.png  used 
on input line 651.
(pdftex.def)             Requested size: 181.18439pt x 129.12143pt.
<graph_all/plots_mod/crop_production_capacity_vs_time.png, id=45, 722.4591pt x 
521.0667pt>
File: graph_all/plots_mod/crop_production_capacity_vs_time.png Graphic file (ty
pe png)
<use graph_all/plots_mod/crop_production_capacity_vs_time.png>
Package pdftex.def Info: graph_all/plots_mod/crop_production_capacity_vs_time.p
ng  used on input line 686.
(pdftex.def)             Requested size: 181.18439pt x 130.67184pt.

Underfull \hbox (badness 2302) in paragraph at lines 470--719
\T1/txr/m/n/10 it con-sis-tently demon-strates vari-a-tions dur-ing the
 []


Underfull \hbox (badness 1371) in paragraph at lines 470--719
\T1/txr/m/n/10 stock level. Cases 2 and 3 demon-strate greater
 []


Underfull \hbox (badness 2452) in paragraph at lines 470--719
\T1/txr/m/n/10 mea-sures sug-gest that the dis-tri-bu-tion ex-hibits a
 []


Underfull \hbox (badness 1325) in paragraph at lines 470--719
\T1/txr/m/n/10 Ta-ble 9) in Loan shows a sta-ble en-vi-ron-ment in
 []


Underfull \hbox (badness 1838) in paragraph at lines 470--719
\T1/txr/m/n/10 spikes. The study high-lights the im-por-tance of
 []


Underfull \hbox (badness 1107) in paragraph at lines 470--719
\T1/txr/m/n/10 fi-nan-cial con-duct among fam-ily fish-ers in var-i-ous
 []


Underfull \hbox (badness 1412) in paragraph at lines 470--719
\T1/txr/m/n/10 mod-er-ately reg-u-lated cir-cum-stances. Case 1 has
 []


Underfull \hbox (badness 1292) in paragraph at lines 470--719
\T1/txr/m/n/10 con-sis-tency, while Case 1 is more sus-cep-ti-ble to
 []


Underfull \hbox (badness 1803) in paragraph at lines 470--719
\T1/txr/m/n/10 bor-row-ing be-hav-ior, with low par-tic-i-pa-tion lev-els
 []


Underfull \hbox (badness 1472) in paragraph at lines 470--719
\T1/txr/m/n/10 the im-por-tance of ef-fi-ciently man-ag-ing sig-nif-i-cant
 []


Underfull \hbox (badness 10000) in paragraph at lines 470--719

 []

[7 <./graph_all/plots_fav/farmers_in_loan_vs_time.png> <./graph_all/plots_mod/g
olpata_stock_vs_time.png>] [8 <./graph_all/plots_mod/mangrove_fishers_in_loan_v
s_time.png> <./graph_all/plots_mod/catching_capacity_mangrove_vs_time.png> <./g
raph_all/plots_mod/household_fishers_in_loan_vs_time.png>] [9 <./graph_all/plot
s_mod/catching_capacity_household_vs_time.png> <./graph_all/plots_mod/farmers_i
n_loan_vs_time.png> <./graph_all/plots_mod/crop_production_capacity_vs_time.png
>]
<graph_all/plots_crit/golpata_stock_vs_time.png, id=64, 766.7847pt x 521.0667pt
>
File: graph_all/plots_crit/golpata_stock_vs_time.png Graphic file (type png)
<use graph_all/plots_crit/golpata_stock_vs_time.png>
Package pdftex.def Info: graph_all/plots_crit/golpata_stock_vs_time.png  used o
n input line 732.
(pdftex.def)             Requested size: 181.18439pt x 123.11855pt.
<graph_all/plots_crit/mangrove_fishers_in_loan_vs_time.png, id=65, 740.2857pt x
 521.0667pt>
File: graph_all/plots_crit/mangrove_fishers_in_loan_vs_time.png Graphic file (t
ype png)
<use graph_all/plots_crit/mangrove_fishers_in_loan_vs_time.png>
Package pdftex.def Info: graph_all/plots_crit/mangrove_fishers_in_loan_vs_time.
png  used on input line 767.
(pdftex.def)             Requested size: 181.18439pt x 127.52332pt.
<graph_all/plots_crit/catching_capacity_mangrove_vs_time.png, id=66, 753.7761pt
 x 521.0667pt>
File: graph_all/plots_crit/catching_capacity_mangrove_vs_time.png Graphic file 
(type png)
<use graph_all/plots_crit/catching_capacity_mangrove_vs_time.png>
Package pdftex.def Info: graph_all/plots_crit/catching_capacity_mangrove_vs_tim
e.png  used on input line 802.
(pdftex.def)             Requested size: 181.18439pt x 125.24937pt.
<graph_all/plots_crit/household_fishers_in_loan_vs_time.png, id=67, 722.2182pt 
x 521.0667pt>
File: graph_all/plots_crit/household_fishers_in_loan_vs_time.png Graphic file (
type png)
<use graph_all/plots_crit/household_fishers_in_loan_vs_time.png>
Package pdftex.def Info: graph_all/plots_crit/household_fishers_in_loan_vs_time
.png  used on input line 837.
(pdftex.def)             Requested size: 181.18439pt x 130.71954pt.
<graph_all/plots_crit/catching_capacity_household_vs_time.png, id=68, 744.8628p
t x 521.0667pt>
File: graph_all/plots_crit/catching_capacity_household_vs_time.png Graphic file
 (type png)
<use graph_all/plots_crit/catching_capacity_household_vs_time.png>
Package pdftex.def Info: graph_all/plots_crit/catching_capacity_household_vs_ti
me.png  used on input line 872.
(pdftex.def)             Requested size: 181.18439pt x 126.74413pt.
<graph_all/plots_crit/farmers_in_loan_vs_time.png, id=69, 740.0448pt x 521.0667
pt>
File: graph_all/plots_crit/farmers_in_loan_vs_time.png Graphic file (type png)
<use graph_all/plots_crit/farmers_in_loan_vs_time.png>
Package pdftex.def Info: graph_all/plots_crit/farmers_in_loan_vs_time.png  used
 on input line 907.
(pdftex.def)             Requested size: 181.18439pt x 127.57101pt.
<graph_all/plots_crit/crop_production_capacity_vs_time.png, id=70, 722.4591pt x
 521.0667pt>
File: graph_all/plots_crit/crop_production_capacity_vs_time.png Graphic file (t
ype png)
<use graph_all/plots_crit/crop_production_capacity_vs_time.png>
Package pdftex.def Info: graph_all/plots_crit/crop_production_capacity_vs_time.
png  used on input line 942.
(pdftex.def)             Requested size: 181.18439pt x 130.67184pt.

Underfull \hbox (badness 1924) in paragraph at lines 728--976
\T1/txr/m/n/10 com-par-i-son to both the favourable and mod-er-ate
 []


Underfull \hbox (badness 1552) in paragraph at lines 728--976
\T1/txr/m/n/10 sit-u-a-tions. A com-pre-hen-sive com-par-i-son can be
 []


Underfull \hbox (badness 2547) in paragraph at lines 728--976
\T1/txr/m/n/10 all the in-di-vid-u-als and or-gan-i-sa-tions in-volved in
 []


Underfull \hbox (badness 1701) in paragraph at lines 728--976
\T1/txr/m/n/10 sig-nif-i-cant vari-a-tions over time, in-di-cat-ing un-pre-
 []


Underfull \hbox (badness 1515) in paragraph at lines 728--976
\T1/txr/m/n/10 are sim-i-lar, but there is sig-nif-i-cant het-ero-gene-ity,
 []


Underfull \hbox (badness 2088) in paragraph at lines 728--976
\T1/txr/m/n/10 val-ues are pos-i-tive, sug-gest-ing less com-mon but
 []


Underfull \hbox (badness 4391) in paragraph at lines 728--976
\T1/txr/m/n/10 oc-cur-ring higher-than-average catch-ing ca-pac-i-ties.
 []


Underfull \hbox (badness 3942) in paragraph at lines 728--976
\T1/txr/m/n/10 fish-er-men in loans dur-ing chal-leng-ing sit-u-a-tions
 []


Underfull \hbox (badness 1552) in paragraph at lines 728--976
\T1/txr/m/n/10 lev-els of in-con-sis-tency and in-sta-bil-ity, lead-ing to
 []


Underfull \hbox (badness 1147) in paragraph at lines 728--976
\T1/txr/m/n/10 more sub-stan-tial fluc-tu-a-tions in loan par-tic-i-pa-tion.
 []


Underfull \hbox (badness 2799) in paragraph at lines 728--976
\T1/txr/m/n/10 no-table de-clines and re-cov-er-ies, high-light-ing the
 []


Underfull \hbox (badness 2197) in paragraph at lines 728--976
\T1/txr/m/n/10 de-vi-a-tions, in-di-cat-ing more in-con-sis-tency. Loan
 []


Underfull \hbox (badness 1178) in paragraph at lines 728--976
\T1/txr/m/n/10 pro-duc-tiv-ity. Ef-fec-tive in-ter-ven-tion ef-forts should
 []


Underfull \hbox (badness 10000) in paragraph at lines 728--976

 []


Underfull \hbox (badness 1540) in paragraph at lines 728--976
\T1/txr/m/n/10 con-di-tions af-fect var-i-ous groups. Un-der op-ti-mal
 []


Underfull \hbox (badness 4872) in paragraph at lines 728--976
\T1/txr/m/n/10 cir-cum-stances, the ma-jor-ity of agents ex-hib-ited
 []


Underfull \hbox (badness 1173) in paragraph at lines 728--976
\T1/txr/m/n/10 con-sis-tent and uni-form per-for-mance, char-ac-ter-ized
 []


Underfull \hbox (badness 1048) in paragraph at lines 728--976
\T1/txr/m/n/10 by min-i-mal fluc-tu-a-tions in both tem-po-ral pat-terns
 []


Underfull \hbox (badness 1107) in paragraph at lines 728--976
\T1/txr/m/n/10 ad-van-ta-geous con-di-tions. Nev-er-the-less, when the
 []

[10 <./graph_all/plots_crit/golpata_stock_vs_time.png> <./graph_all/plots_crit/
mangrove_fishers_in_loan_vs_time.png>] [11 <./graph_all/plots_crit/catching_cap
acity_mangrove_vs_time.png> <./graph_all/plots_crit/household_fishers_in_loan_v
s_time.png>] [12 <./graph_all/plots_crit/catching_capacity_household_vs_time.pn
g> <./graph_all/plots_crit/farmers_in_loan_vs_time.png> <./graph_all/plots_crit
/crop_production_capacity_vs_time.png>]
<graph_all/plots_policy/golpata_stock_vs_time.png, id=87, 766.7847pt x 521.0667
pt>
File: graph_all/plots_policy/golpata_stock_vs_time.png Graphic file (type png)
<use graph_all/plots_policy/golpata_stock_vs_time.png>
Package pdftex.def Info: graph_all/plots_policy/golpata_stock_vs_time.png  used
 on input line 1038.
(pdftex.def)             Requested size: 181.18439pt x 123.11855pt.
 [13 <./graph_all/plots_policy/golpata_stock_vs_time.png>]
<graph_all/plots_policy/current_bawali_count_vs_time.png, id=95, 740.0448pt x 5
21.0667pt>
File: graph_all/plots_policy/current_bawali_count_vs_time.png Graphic file (typ
e png)
<use graph_all/plots_policy/current_bawali_count_vs_time.png>
Package pdftex.def Info: graph_all/plots_policy/current_bawali_count_vs_time.pn
g  used on input line 1079.
(pdftex.def)             Requested size: 181.18439pt x 127.57101pt.
<graph_all/plots_rogue/golpata_stock_vs_time.png, id=96, 766.7847pt x 521.0667p
t>
File: graph_all/plots_rogue/golpata_stock_vs_time.png Graphic file (type png)
<use graph_all/plots_rogue/golpata_stock_vs_time.png>
Package pdftex.def Info: graph_all/plots_rogue/golpata_stock_vs_time.png  used 
on input line 1124.
(pdftex.def)             Requested size: 181.18439pt x 123.11855pt.
 [14 <./graph_all/plots_policy/current_bawali_count_vs_time.png> <./graph_all/p
lots_rogue/golpata_stock_vs_time.png>]

LaTeX Warning: Empty bibliography on input line 1175.

[15

] (main.aux)
 ***********
LaTeX2e <2023-06-01> patch level 1
L3 programming layer <2023-08-29>
 ***********


LaTeX Warning: There were undefined references.


LaTeX Warning: There were multiply-defined labels.


Package biblatex Warning: Please (re)run Biber on the file:
(biblatex)                main
(biblatex)                and rerun LaTeX afterwards.

Package logreq Info: Writing requests to 'main.run.xml'.
\openout1 = `main.run.xml'.

 ) 
Here is how much of TeX's memory you used:
 14954 strings out of 475247
 272449 string characters out of 5758264
 1976785 words of memory out of 5000000
 36276 multiletter control sequences out of 15000+600000
 606420 words of font info for 120 fonts, out of 8000000 for 9000
 1141 hyphenation exceptions out of 8191
 72i,10n,79p,2245b,1138s stack positions out of 10000i,1000n,20000p,200000b,200000s
<C:/Users/CEDP/AppData/Local/Programs/MiKTeX/fonts/type1/public/txfonts/rtcxr
.pfb><C:/Users/CEDP/AppData/Local/Programs/MiKTeX/fonts/type1/public/txfonts/rt
xi.pfb><C:/Users/CEDP/AppData/Local/Programs/MiKTeX/fonts/type1/public/txfonts/
rtxmi.pfb><C:/Users/CEDP/AppData/Local/Programs/MiKTeX/fonts/type1/public/txfon
ts/rtxr.pfb><C:/Users/CEDP/AppData/Local/Programs/MiKTeX/fonts/type1/public/txf
onts/txsy.pfb><C:/Users/CEDP/AppData/Local/Programs/MiKTeX/fonts/type1/urw/time
s/utmb8a.pfb><C:/Users/CEDP/AppData/Local/Programs/MiKTeX/fonts/type1/urw/times
/utmr8a.pfb><C:/Users/CEDP/AppData/Local/Programs/MiKTeX/fonts/type1/urw/times/
utmri8a.pfb>
Output written on main.pdf (15 pages, 9086683 bytes).
PDF statistics:
 140 PDF objects out of 1000 (max. 8388607)
 0 named destinations out of 1000 (max. 500000)
 121 words of extra memory for PDF output out of 10000 (max. 10000000)

